  Main.cpp
  square.cpp
Main.obj : error LNK2001: nierozpoznany symbol zewnętrzny "__declspec(dllimport) public: __thiscall sf::RenderWindow::RenderWindow(class sf::VideoMode,class sf::String const &,unsigned int,struct sf::ContextSettings const &)" (__imp_??0RenderWindow@sf@@QAE@VVideoMode@1@ABVString@1@IABUContextSettings@1@@Z)
Main.obj : error LNK2001: nierozpoznany symbol zewnętrzny "__declspec(dllimport) public: __thiscall sf::String::String(char const *,class std::locale const &)" (__imp_??0String@sf@@QAE@PBDABVlocale@std@@@Z)
Main.obj : error LNK2001: nierozpoznany symbol zewnętrzny "__declspec(dllimport) public: __thiscall sf::VideoMode::VideoMode(unsigned int,unsigned int,unsigned int)" (__imp_??0VideoMode@sf@@QAE@III@Z)
Main.obj : error LNK2001: nierozpoznany symbol zewnętrzny "__declspec(dllimport) public: virtual __thiscall sf::RenderWindow::~RenderWindow(void)" (__imp_??1RenderWindow@sf@@UAE@XZ)
Main.obj : error LNK2001: nierozpoznany symbol zewnętrzny "__declspec(dllimport) public: void __thiscall sf::Window::setFramerateLimit(unsigned int)" (__imp_?setFramerateLimit@Window@sf@@QAEXI@Z)
Main.obj : error LNK2001: nierozpoznany symbol zewnętrzny "__declspec(dllimport) public: __thiscall sf::Sprite::Sprite(void)" (__imp_??0Sprite@sf@@QAE@XZ)
Main.obj : error LNK2001: nierozpoznany symbol zewnętrzny "__declspec(dllimport) public: __thiscall sf::Texture::Texture(void)" (__imp_??0Texture@sf@@QAE@XZ)
Main.obj : error LNK2001: nierozpoznany symbol zewnętrzny "__declspec(dllimport) public: __thiscall sf::Texture::~Texture(void)" (__imp_??1Texture@sf@@QAE@XZ)
Main.obj : error LNK2001: nierozpoznany symbol zewnętrzny "__declspec(dllimport) public: bool __thiscall sf::Texture::loadFromFile(class std::basic_string<char,struct std::char_traits<char>,class std::allocator<char> > const &,class sf::Rect<int> const &)" (__imp_?loadFromFile@Texture@sf@@QAE_NABV?$basic_string@DU?$char_traits@D@std@@V?$allocator@D@2@@std@@ABV?$Rect@H@2@@Z)
Main.obj : error LNK2001: nierozpoznany symbol zewnętrzny "__declspec(dllimport) public: void __thiscall sf::Sprite::setTexture(class sf::Texture const &,bool)" (__imp_?setTexture@Sprite@sf@@QAEXABVTexture@2@_N@Z)
Main.obj : error LNK2001: nierozpoznany symbol zewnętrzny "__declspec(dllimport) public: bool __thiscall sf::Window::isOpen(void)const " (__imp_?isOpen@Window@sf@@QBE_NXZ)
Main.obj : error LNK2001: nierozpoznany symbol zewnętrzny "__declspec(dllimport) public: void __thiscall sf::RenderTarget::draw(class sf::Drawable const &,class sf::RenderStates const &)" (__imp_?draw@RenderTarget@sf@@QAEXABVDrawable@2@ABVRenderStates@2@@Z)
Main.obj : error LNK2001: nierozpoznany symbol zewnętrzny "__declspec(dllimport) public: static class sf::RenderStates const sf::RenderStates::Default" (__imp_?Default@RenderStates@sf@@2V12@B)
Main.obj : error LNK2001: nierozpoznany symbol zewnętrzny "__declspec(dllimport) public: void __thiscall sf::Window::display(void)" (__imp_?display@Window@sf@@QAEXXZ)
Main.obj : error LNK2001: nierozpoznany symbol zewnętrzny "__declspec(dllimport) public: virtual __thiscall sf::RectangleShape::~RectangleShape(void)" (__imp_??1RectangleShape@sf@@UAE@XZ)
Main.obj : error LNK2001: nierozpoznany symbol zewnętrzny "__declspec(dllimport) public: virtual __thiscall sf::Sprite::~Sprite(void)" (__imp_??1Sprite@sf@@UAE@XZ)
Main.obj : error LNK2001: nierozpoznany symbol zewnętrzny "__declspec(dllimport) public: __thiscall sf::String::~String(void)" (__imp_??1String@sf@@QAE@XZ)
Main.obj : error LNK2001: nierozpoznany symbol zewnętrzny "__declspec(dllimport) public: virtual __thiscall sf::Drawable::~Drawable(void)" (__imp_??1Drawable@sf@@UAE@XZ)
square.obj : error LNK2001: nierozpoznany symbol zewnętrzny "__declspec(dllimport) public: __thiscall sf::RectangleShape::RectangleShape(class sf::Vector2<float> const &)" (__imp_??0RectangleShape@sf@@QAE@ABV?$Vector2@M@1@@Z)
square.obj : error LNK2001: nierozpoznany symbol zewnętrzny "__declspec(dllimport) public: void __thiscall sf::Transformable::setPosition(float,float)" (__imp_?setPosition@Transformable@sf@@QAEXMM@Z)
square.obj : error LNK2001: nierozpoznany symbol zewnętrzny "__declspec(dllimport) public: void __thiscall sf::RectangleShape::setSize(class sf::Vector2<float> const &)" (__imp_?setSize@RectangleShape@sf@@QAEXABV?$Vector2@M@2@@Z)
square.obj : error LNK2001: nierozpoznany symbol zewnętrzny "__declspec(dllimport) public: void __thiscall sf::Shape::setFillColor(class sf::Color const &)" (__imp_?setFillColor@Shape@sf@@QAEXABVColor@2@@Z)
square.obj : error LNK2001: nierozpoznany symbol zewnętrzny "__declspec(dllimport) public: static class sf::Color const sf::Color::White" (__imp_?White@Color@sf@@2V12@B)
square.obj : error LNK2001: nierozpoznany symbol zewnętrzny "__declspec(dllimport) public: void __thiscall sf::Transformable::move(class sf::Vector2<float> const &)" (__imp_?move@Transformable@sf@@QAEXABV?$Vector2@M@2@@Z)
square.obj : error LNK2001: nierozpoznany symbol zewnętrzny "__declspec(dllimport) public: class sf::Vector2<float> const & __thiscall sf::Transformable::getPosition(void)const " (__imp_?getPosition@Transformable@sf@@QBEABV?$Vector2@M@2@XZ)
square.obj : error LNK2001: nierozpoznany symbol zewnętrzny "__declspec(dllimport) public: class sf::Vector2<float> const & __thiscall sf::RectangleShape::getSize(void)const " (__imp_?getSize@RectangleShape@sf@@QBEABV?$Vector2@M@2@XZ)
square.obj : error LNK2001: nierozpoznany symbol zewnętrzny "__declspec(dllimport) public: __thiscall sf::Drawable::Drawable(void)" (__imp_??0Drawable@sf@@QAE@XZ)
C:\Users\Marcin\Desktop\C++DuckHunt\Main\Release\Main.exe : fatal error LNK1120: liczba nierozpoznanych elementów zewnętrznych: 27
